<?xml version="1.0" encoding="UTF-8"?>
<!-- Generated by org.testng.reporters.JUnitXMLReporter -->
<testsuite hostname="asda1712po02529" ignored="0" name="Command line test" tests="12" failures="11" timestamp="23 Jun 2017 09:11:27 GMT" time="0.304" errors="0">
  <testcase name="addOptionShouldMethodShouldAppendPropertiesFileWithNewProperty" time="0.005" classname="com.qainfotech.tap.training.resourceio.PropertiesOptionsIOTest">
    <failure type="java.lang.UnsupportedOperationException" message="Not implemented.">
      <![CDATA[java.lang.UnsupportedOperationException: Not implemented.
	at com.qainfotech.tap.training.resourceio.PropertiesOptionsIO.addOption(PropertiesOptionsIO.java:86)
	at com.qainfotech.tap.training.resourceio.PropertiesOptionsIOTest.addOptionShouldMethodShouldAppendPropertiesFileWithNewProperty(PropertiesOptionsIOTest.java:37)
... Removed 35 stack frames]]>
    </failure>
  </testcase> <!-- addOptionShouldMethodShouldAppendPropertiesFileWithNewProperty -->
  <testcase name="getOptionValueMethodShouldReturnOptionValuesFromPropertiesFile" time="0.094" classname="com.qainfotech.tap.training.resourceio.PropertiesOptionsIOTest"/>
  <testcase name="Team_getActiveMembers_should_return_a_list_of_team_members_that_are_active" time="0.008" classname="com.qainfotech.tap.training.resourceio.TeamsJsonReaderTest">
    <failure type="java.lang.NullPointerException">
      <![CDATA[java.lang.NullPointerException
	at com.qainfotech.tap.training.resourceio.TeamsJsonReaderTest.Team_getActiveMembers_should_return_a_list_of_team_members_that_are_active(TeamsJsonReaderTest.java:110)
... Removed 35 stack frames]]>
    </failure>
  </testcase> <!-- Team_getActiveMembers_should_return_a_list_of_team_members_that_are_active -->
  <testcase name="Team_getInactiveMembers_should_return_a_list_of_individual_team_members_that_are_inactive" time="0.001" classname="com.qainfotech.tap.training.resourceio.TeamsJsonReaderTest">
    <failure type="java.lang.NullPointerException">
      <![CDATA[java.lang.NullPointerException
	at com.qainfotech.tap.training.resourceio.TeamsJsonReaderTest.Team_getInactiveMembers_should_return_a_list_of_individual_team_members_that_are_inactive(TeamsJsonReaderTest.java:118)
... Removed 35 stack frames]]>
    </failure>
  </testcase> <!-- Team_getInactiveMembers_should_return_a_list_of_individual_team_members_that_are_inactive -->
  <testcase name="getIndividualById_should_return_Individual_object_matching_id" time="0.001" classname="com.qainfotech.tap.training.resourceio.TeamsJsonReaderTest">
    <failure type="java.lang.NullPointerException">
      <![CDATA[java.lang.NullPointerException
	at com.qainfotech.tap.training.resourceio.TeamsJsonReader.getIndividualById(TeamsJsonReader.java:231)
	at com.qainfotech.tap.training.resourceio.TeamsJsonReaderTest.getIndividualById_should_return_Individual_object_matching_id(TeamsJsonReaderTest.java:63)
... Removed 35 stack frames]]>
    </failure>
  </testcase> <!-- getIndividualById_should_return_Individual_object_matching_id -->
  <testcase name="getIndividualById_should_throw_ObjectNotFoundException_for_incorrect_id" time="0.001" classname="com.qainfotech.tap.training.resourceio.TeamsJsonReaderTest">
    <failure type="java.lang.NullPointerException">
      <![CDATA[java.lang.NullPointerException
	at com.qainfotech.tap.training.resourceio.TeamsJsonReader.getIndividualById(TeamsJsonReader.java:231)
	at com.qainfotech.tap.training.resourceio.TeamsJsonReaderTest.getIndividualById_should_throw_ObjectNotFoundException_for_incorrect_id(TeamsJsonReaderTest.java:71)
... Removed 35 stack frames]]>
    </failure>
  </testcase> <!-- getIndividualById_should_throw_ObjectNotFoundException_for_incorrect_id -->
  <testcase name="getIndividualByName_should_return_Individual_object_matching_name" time="0.0" classname="com.qainfotech.tap.training.resourceio.TeamsJsonReaderTest">
    <failure type="java.lang.NullPointerException">
      <![CDATA[java.lang.NullPointerException
	at com.qainfotech.tap.training.resourceio.TeamsJsonReader.getIndividualByName(TeamsJsonReader.java:253)
	at com.qainfotech.tap.training.resourceio.TeamsJsonReaderTest.getIndividualByName_should_return_Individual_object_matching_name(TeamsJsonReaderTest.java:79)
... Removed 35 stack frames]]>
    </failure>
  </testcase> <!-- getIndividualByName_should_return_Individual_object_matching_name -->
  <testcase name="getIndividualByName_should_throw_ObjectNotFoundException_for_incorrect_name" time="0.001" classname="com.qainfotech.tap.training.resourceio.TeamsJsonReaderTest">
    <failure type="java.lang.NullPointerException">
      <![CDATA[java.lang.NullPointerException
	at com.qainfotech.tap.training.resourceio.TeamsJsonReader.getIndividualByName(TeamsJsonReader.java:253)
	at com.qainfotech.tap.training.resourceio.TeamsJsonReaderTest.getIndividualByName_should_throw_ObjectNotFoundException_for_incorrect_name(TeamsJsonReaderTest.java:87)
... Removed 35 stack frames]]>
    </failure>
  </testcase> <!-- getIndividualByName_should_throw_ObjectNotFoundException_for_incorrect_name -->
  <testcase name="getListOfActiveIndividuals_ahould_return_array_list_of_only_active_individual_objects" time="0.035" classname="com.qainfotech.tap.training.resourceio.TeamsJsonReaderTest">
    <failure type="org.junit.ComparisonFailure" message="expected:&amp;lt;[4]&amp;gt; but was:&amp;lt;[0]&amp;gt;">
      <![CDATA[org.junit.ComparisonFailure: expected:<[4]> but was:<[0]>
	at com.qainfotech.tap.training.resourceio.TeamsJsonReaderTest.getListOfActiveIndividuals_ahould_return_array_list_of_only_active_individual_objects(TeamsJsonReaderTest.java:43)
... Removed 38 stack frames]]>
    </failure>
  </testcase> <!-- getListOfActiveIndividuals_ahould_return_array_list_of_only_active_individual_objects -->
  <testcase name="getListOfInactiveIndividuals_should_return_array_list_of_only_inactive_individual_objects" time="0.007" classname="com.qainfotech.tap.training.resourceio.TeamsJsonReaderTest">
    <failure type="java.lang.NullPointerException">
      <![CDATA[java.lang.NullPointerException
	at com.qainfotech.tap.training.resourceio.TeamsJsonReader.getListOfInactiveIndividuals(TeamsJsonReader.java:304)
	at com.qainfotech.tap.training.resourceio.TeamsJsonReaderTest.getListOfInactiveIndividuals_should_return_array_list_of_only_inactive_individual_objects(TeamsJsonReaderTest.java:52)
... Removed 35 stack frames]]>
    </failure>
  </testcase> <!-- getListOfInactiveIndividuals_should_return_array_list_of_only_inactive_individual_objects -->
  <testcase name="getListOfIndividuals_should_return_array_list_of_all_individual_objects" time="0.001" classname="com.qainfotech.tap.training.resourceio.TeamsJsonReaderTest">
    <failure type="java.lang.NullPointerException">
      <![CDATA[java.lang.NullPointerException
	at com.qainfotech.tap.training.resourceio.TeamsJsonReader.getListOfIndividuals(TeamsJsonReader.java:209)
	at com.qainfotech.tap.training.resourceio.TeamsJsonReaderTest.getListOfIndividuals_should_return_array_list_of_all_individual_objects(TeamsJsonReaderTest.java:29)
... Removed 35 stack frames]]>
    </failure>
  </testcase> <!-- getListOfIndividuals_should_return_array_list_of_all_individual_objects -->
  <testcase name="getListOfTeams_should_return_a_list_if_Team_object_from_db_json" time="0.002" classname="com.qainfotech.tap.training.resourceio.TeamsJsonReaderTest">
    <failure type="org.junit.ComparisonFailure" message="expected:&amp;lt;[2]&amp;gt; but was:&amp;lt;[0]&amp;gt;">
      <![CDATA[org.junit.ComparisonFailure: expected:<[2]> but was:<[0]>
	at com.qainfotech.tap.training.resourceio.TeamsJsonReaderTest.getListOfTeams_should_return_a_list_if_Team_object_from_db_json(TeamsJsonReaderTest.java:93)
... Removed 38 stack frames]]>
    </failure>
  </testcase> <!-- getListOfTeams_should_return_a_list_if_Team_object_from_db_json -->
</testsuite> <!-- Command line test -->
