<?xml version="1.0" encoding="UTF-8" ?>
<testsuite tests="12" failures="11" name="TestSuite" time="0.191" errors="0" skipped="0">
  <properties>
[...]
</properties>
  <testcase classname="com.qainfotech.tap.training.resourceio.PropertiesOptionsIOTest" name="addOptionShouldMethodShouldAppendPropertiesFileWithNewProperty" time="0.015">
    <failure message="Not implemented." type="java.lang.UnsupportedOperationException">java.lang.UnsupportedOperationException: Not implemented.
	at com.qainfotech.tap.training.resourceio.PropertiesOptionsIO.addOption(PropertiesOptionsIO.java:86)
	at com.qainfotech.tap.training.resourceio.PropertiesOptionsIOTest.addOptionShouldMethodShouldAppendPropertiesFileWithNewProperty(PropertiesOptionsIOTest.java:37)
</failure>
    <system-out>Configuring TestNG with: org.apache.maven.surefire.testng.conf.TestNG652Configurator@7e774085
Success...
</system-out>
  </testcase>
  <testcase classname="com.qainfotech.tap.training.resourceio.PropertiesOptionsIOTest" name="getOptionValueMethodShouldReturnOptionValuesFromPropertiesFile" time="0.094"/>
  <testcase classname="com.qainfotech.tap.training.resourceio.TeamsJsonReaderTest" name="Team_getActiveMembers_should_return_a_list_of_team_members_that_are_active" time="0.009">
    <failure type="java.lang.NullPointerException">java.lang.NullPointerException
	at com.qainfotech.tap.training.resourceio.TeamsJsonReaderTest.Team_getActiveMembers_should_return_a_list_of_team_members_that_are_active(TeamsJsonReaderTest.java:110)
</failure>
  </testcase>
  <testcase classname="com.qainfotech.tap.training.resourceio.TeamsJsonReaderTest" name="Team_getInactiveMembers_should_return_a_list_of_individual_team_members_that_are_inactive" time="0.004">
    <failure type="java.lang.NullPointerException">java.lang.NullPointerException
	at com.qainfotech.tap.training.resourceio.TeamsJsonReaderTest.Team_getInactiveMembers_should_return_a_list_of_individual_team_members_that_are_inactive(TeamsJsonReaderTest.java:118)
</failure>
  </testcase>
  <testcase classname="com.qainfotech.tap.training.resourceio.TeamsJsonReaderTest" name="getIndividualById_should_return_Individual_object_matching_id" time="0.001">
    <failure type="java.lang.NullPointerException">java.lang.NullPointerException
	at com.qainfotech.tap.training.resourceio.TeamsJsonReader.getIndividualById(TeamsJsonReader.java:231)
	at com.qainfotech.tap.training.resourceio.TeamsJsonReaderTest.getIndividualById_should_return_Individual_object_matching_id(TeamsJsonReaderTest.java:63)
</failure>
  </testcase>
  <testcase classname="com.qainfotech.tap.training.resourceio.TeamsJsonReaderTest" name="getIndividualById_should_throw_ObjectNotFoundException_for_incorrect_id" time="0.001">
    <failure type="java.lang.NullPointerException">java.lang.NullPointerException
	at com.qainfotech.tap.training.resourceio.TeamsJsonReader.getIndividualById(TeamsJsonReader.java:231)
	at com.qainfotech.tap.training.resourceio.TeamsJsonReaderTest.getIndividualById_should_throw_ObjectNotFoundException_for_incorrect_id(TeamsJsonReaderTest.java:71)
</failure>
  </testcase>
  <testcase classname="com.qainfotech.tap.training.resourceio.TeamsJsonReaderTest" name="getIndividualByName_should_return_Individual_object_matching_name" time="0.001">
    <failure type="java.lang.NullPointerException">java.lang.NullPointerException
	at com.qainfotech.tap.training.resourceio.TeamsJsonReader.getIndividualByName(TeamsJsonReader.java:253)
	at com.qainfotech.tap.training.resourceio.TeamsJsonReaderTest.getIndividualByName_should_return_Individual_object_matching_name(TeamsJsonReaderTest.java:79)
</failure>
  </testcase>
  <testcase classname="com.qainfotech.tap.training.resourceio.TeamsJsonReaderTest" name="getIndividualByName_should_throw_ObjectNotFoundException_for_incorrect_name" time="0.002">
    <failure type="java.lang.NullPointerException">java.lang.NullPointerException
	at com.qainfotech.tap.training.resourceio.TeamsJsonReader.getIndividualByName(TeamsJsonReader.java:253)
	at com.qainfotech.tap.training.resourceio.TeamsJsonReaderTest.getIndividualByName_should_throw_ObjectNotFoundException_for_incorrect_name(TeamsJsonReaderTest.java:87)
</failure>
  </testcase>
  <testcase classname="com.qainfotech.tap.training.resourceio.TeamsJsonReaderTest" name="getListOfActiveIndividuals_ahould_return_array_list_of_only_active_individual_objects" time="0.049">
    <failure message="expected:&lt;[4]&gt; but was:&lt;[0]&gt;" type="org.junit.ComparisonFailure">org.junit.ComparisonFailure: expected:&lt;[4]&gt; but was:&lt;[0]&gt;
	at sun.reflect.NativeConstructorAccessorImpl.newInstance0(Native Method)
	at sun.reflect.NativeConstructorAccessorImpl.newInstance(NativeConstructorAccessorImpl.java:62)
	at sun.reflect.DelegatingConstructorAccessorImpl.newInstance(DelegatingConstructorAccessorImpl.java:45)
	at com.qainfotech.tap.training.resourceio.TeamsJsonReaderTest.getListOfActiveIndividuals_ahould_return_array_list_of_only_active_individual_objects(TeamsJsonReaderTest.java:43)
</failure>
  </testcase>
  <testcase classname="com.qainfotech.tap.training.resourceio.TeamsJsonReaderTest" name="getListOfInactiveIndividuals_should_return_array_list_of_only_inactive_individual_objects" time="0.008">
    <failure type="java.lang.NullPointerException">java.lang.NullPointerException
	at com.qainfotech.tap.training.resourceio.TeamsJsonReader.getListOfInactiveIndividuals(TeamsJsonReader.java:304)
	at com.qainfotech.tap.training.resourceio.TeamsJsonReaderTest.getListOfInactiveIndividuals_should_return_array_list_of_only_inactive_individual_objects(TeamsJsonReaderTest.java:52)
</failure>
  </testcase>
  <testcase classname="com.qainfotech.tap.training.resourceio.TeamsJsonReaderTest" name="getListOfIndividuals_should_return_array_list_of_all_individual_objects" time="0.003">
    <failure type="java.lang.NullPointerException">java.lang.NullPointerException
	at com.qainfotech.tap.training.resourceio.TeamsJsonReader.getListOfIndividuals(TeamsJsonReader.java:209)
	at com.qainfotech.tap.training.resourceio.TeamsJsonReaderTest.getListOfIndividuals_should_return_array_list_of_all_individual_objects(TeamsJsonReaderTest.java:29)
</failure>
    <system-out>John Doe
true
1201
</system-out>
  </testcase>
  <testcase classname="com.qainfotech.tap.training.resourceio.TeamsJsonReaderTest" name="getListOfTeams_should_return_a_list_if_Team_object_from_db_json" time="0.004">
    <failure message="expected:&lt;[2]&gt; but was:&lt;[0]&gt;" type="org.junit.ComparisonFailure">org.junit.ComparisonFailure: expected:&lt;[2]&gt; but was:&lt;[0]&gt;
	at sun.reflect.NativeConstructorAccessorImpl.newInstance0(Native Method)
	at sun.reflect.NativeConstructorAccessorImpl.newInstance(NativeConstructorAccessorImpl.java:62)
	at sun.reflect.DelegatingConstructorAccessorImpl.newInstance(DelegatingConstructorAccessorImpl.java:45)
	at com.qainfotech.tap.training.resourceio.TeamsJsonReaderTest.getListOfTeams_should_return_a_list_if_Team_object_from_db_json(TeamsJsonReaderTest.java:93)
</failure>
  </testcase>
</testsuite>